Command line:
   DataMemoryVTF_isim_beh.exe
     -simmode  gui
     -simrunnum  0
     -socket  49173

Thu Oct 23 20:48:24 2014


 Elaboration Time: 0.040057 sec

 Current Memory Usage: 652.669 Meg

 Total Signals          : 19
 Total Nets             : 88
 Total Signal Drivers   : 11
 Total Blocks           : 3
 Total Primitive Blocks : 2
 Total Processes        : 17
 Total Traceable Variables  : 25
 Total Scalar Nets and Variables : 2291
Total Line Count : 83

 Total Simulation Time: 0.040057 sec

 Current Memory Usage: 652.669 Meg

Thu Oct 23 20:48:38 2014

