Running: C:\Xilinx\14.7\ISE_DS\ISE\bin\nt\unwrapped\fuse.exe -intstyle ise -incremental -lib unisims_ver -lib unimacro_ver -lib xilinxcorelib_ver -o C:/Users/User/dev/cecs341/cecs341-2/temp_isim_beh.exe -prj C:/Users/User/dev/cecs341/cecs341-2/temp_beh.prj work.temp work.glbl 
ISim P.20131013 (signature 0x8ef4fb42)
Number of CPUs detected in this system: 1
Turning on mult-threading, number of parallel sub-compilation jobs: 0 
Determining compilation order of HDL files
Analyzing Verilog file "C:/Users/User/dev/cecs341/cecs341-2/ALU.v" into library work
Analyzing Verilog file "C:/Users/User/dev/cecs341/cecs341-2/Test_ALU.v" into library work
Analyzing Verilog file "C:/Xilinx/14.7/ISE_DS/ISE//verilog/src/glbl.v" into library work
Starting static elaboration
Completed static elaboration
Fuse Memory Usage: 101400 KB
Fuse CPU Usage: 300 ms
Compiling module MIPSALU
Compiling module temp
Compiling module glbl
Time Resolution for simulation is 1ps.
Compiled 3 Verilog Units
Built simulation executable C:/Users/User/dev/cecs341/cecs341-2/temp_isim_beh.exe
Fuse Memory Usage: 104968 KB
Fuse CPU Usage: 300 ms
