Command line:
   TopDownVTF_isim_beh.exe
     -simmode  gui
     -simrunnum  0
     -socket  49366

Thu Nov 06 21:23:16 2014


 Elaboration Time: 0.030043 sec

 Current Memory Usage: 652.218 Meg

 Total Signals          : 66
 Total Nets             : 293
 Total Signal Drivers   : 28
 Total Blocks           : 11
 Total Primitive Blocks : 9
 Total Processes        : 42
 Total Traceable Variables  : 40
 Total Scalar Nets and Variables : 3659
Total Line Count : 162

 Total Simulation Time: 0.130188 sec

 Current Memory Usage: 966.791 Meg

Thu Nov 06 21:24:17 2014

