Command line:
   ALUControlTB_isim_beh.exe
     -simmode  gui
     -simrunnum  0
     -socket  49269

Sun Sep 21 20:00:26 2014


 Elaboration Time: 0.040057 sec

 Current Memory Usage: 652.394 Meg

 Total Signals          : 16
 Total Nets             : 25
 Total Signal Drivers   : 8
 Total Blocks           : 3
 Total Primitive Blocks : 2
 Total Processes        : 11
 Total Traceable Variables  : 21
 Total Scalar Nets and Variables : 117
Total Line Count : 31

 Total Simulation Time: 0.040057 sec

 Current Memory Usage: 966.967 Meg

Sun Sep 21 20:02:38 2014

