Command line:
   Register_isim_beh.exe
     -simmode  gui
     -simrunnum  0
     -socket  49164

Tue Oct 21 18:23:16 2014


 Elaboration Time: 0.050072 sec

 Current Memory Usage: 652.788 Meg

 Total Signals          : 21
 Total Nets             : 126
 Total Signal Drivers   : 7
 Total Blocks           : 2
 Total Primitive Blocks : 2
 Total Processes        : 9
 Total Traceable Variables  : 19
 Total Scalar Nets and Variables : 1230
Total Line Count : 18

 Total Simulation Time: 0.050072 sec

 Current Memory Usage: 652.788 Meg

Tue Oct 21 18:23:22 2014

