Command line:
   Reg_ALU_Control_isim_beh.exe
     -simmode  gui
     -simrunnum  1
     -socket  49254

Thu Nov 06 20:25:47 2014


 Elaboration Time: 0.050072 sec

 Current Memory Usage: 656.015 Meg

 Total Signals          : 64
 Total Nets             : 294
 Total Signal Drivers   : 17
 Total Blocks           : 10
 Total Primitive Blocks : 9
 Total Processes        : 29
 Total Traceable Variables  : 28
 Total Scalar Nets and Variables : 3616
Total Line Count : 113

 Total Simulation Time: 0.110159 sec

 Current Memory Usage: 656.015 Meg

Thu Nov 06 20:25:53 2014

