Command line:
   DataMemory_isim_beh.exe
     -simmode  gui
     -simrunnum  0
     -socket  49169

Thu Oct 23 20:43:45 2014


 Elaboration Time: 0.040058 sec

 Current Memory Usage: 652.669 Meg

 Total Signals          : 18
 Total Nets             : 88
 Total Signal Drivers   : 6
 Total Blocks           : 2
 Total Primitive Blocks : 2
 Total Processes        : 10
 Total Traceable Variables  : 20
 Total Scalar Nets and Variables : 2248
Total Line Count : 74

 Total Simulation Time: 0.080116 sec

 Current Memory Usage: 967.242 Meg

Thu Oct 23 20:44:27 2014

