Command line:
   Reg_ALU_ControlTB_isim_beh.exe
     -simmode  gui
     -simrunnum  0
     -socket  49187

Tue Oct 21 18:57:44 2014


 Elaboration Time: 0.050072 sec

 Current Memory Usage: 656.2 Meg

 Total Signals          : 43
 Total Nets             : 178
 Total Signal Drivers   : 18
 Total Blocks           : 6
 Total Primitive Blocks : 4
 Total Processes        : 23
 Total Traceable Variables  : 31
 Total Scalar Nets and Variables : 1377
Total Line Count : 62

 Total Simulation Time: 0.070101 sec

 Current Memory Usage: 656.2 Meg

Tue Oct 21 19:00:16 2014

