Command line:
   temp_isim_beh.exe
     -simmode  gui
     -simrunnum  0
     -socket  49163

Tue Sep 09 19:44:27 2014


 Elaboration Time: 0.070102 sec

 Current Memory Usage: 655.999 Meg

 Total Signals          : 19
 Total Nets             : 114
 Total Signal Drivers   : 10
 Total Blocks           : 3
 Total Primitive Blocks : 2
 Total Processes        : 13
 Total Traceable Variables  : 22
 Total Scalar Nets and Variables : 294
Total Line Count : 33

 Total Simulation Time: 0.070102 sec

 Current Memory Usage: 655.999 Meg

Tue Sep 09 19:53:05 2014

